Replace Part C? Cap Semi in C:\Users\Piokli\Desktop\Altium git WROOM32\altium-wroom32-custom\Schematic.SchDoc with Cap Semi from Miscellaneous Devices.IntLib
Replace Part C? Cap Semi in C:\Users\Piokli\Desktop\Altium git WROOM32\altium-wroom32-custom\Schematic.SchDoc with Cap Semi from Miscellaneous Devices.IntLib
Replace Part C? Cap Semi in C:\Users\Piokli\Desktop\Altium git WROOM32\altium-wroom32-custom\Schematic.SchDoc with Cap Semi from Miscellaneous Devices.IntLib
Replace Part C? Cap Semi in C:\Users\Piokli\Desktop\Altium git WROOM32\altium-wroom32-custom\Schematic.SchDoc with Cap Semi from Miscellaneous Devices.IntLib
Replace Part C? Cap Semi in C:\Users\Piokli\Desktop\Altium git WROOM32\altium-wroom32-custom\Schematic.SchDoc with Cap Semi from Miscellaneous Devices.IntLib
Replace Part C? Cap Semi in C:\Users\Piokli\Desktop\Altium git WROOM32\altium-wroom32-custom\Schematic.SchDoc with Cap Semi from Miscellaneous Devices.IntLib
Replace Part C? Cap Semi in C:\Users\Piokli\Desktop\Altium git WROOM32\altium-wroom32-custom\Schematic.SchDoc with Cap Semi from Miscellaneous Devices.IntLib
Replace Part D? SML-LX0603GW-TR_LED_Diode in C:\Users\Piokli\Desktop\Altium git WROOM32\altium-wroom32-custom\Schematic.SchDoc with SML-LX0603GW-TR_LED_Diode from Custom WROOM32 Board Library.SchLib
Replace Part D? MBR120_Diode in C:\Users\Piokli\Desktop\Altium git WROOM32\altium-wroom32-custom\Schematic.SchDoc with MBR120_Diode from Custom WROOM32 Board Library.SchLib
Replace Part D? SML-LX0603GW-TR_LED_Diode in C:\Users\Piokli\Desktop\Altium git WROOM32\altium-wroom32-custom\Schematic.SchDoc with SML-LX0603GW-TR_LED_Diode from Custom WROOM32 Board Library.SchLib
Replace Part Q? 2sd1484k in C:\Users\Piokli\Desktop\Altium git WROOM32\altium-wroom32-custom\Schematic.SchDoc with 2sd1484k from Custom WROOM32 Board Library.SchLib
Replace Part Q? 2sd1484k in C:\Users\Piokli\Desktop\Altium git WROOM32\altium-wroom32-custom\Schematic.SchDoc with 2sd1484k from Custom WROOM32 Board Library.SchLib
Replace Part Q? DMG3415U in C:\Users\Piokli\Desktop\Altium git WROOM32\altium-wroom32-custom\Schematic.SchDoc with DMG3415U from Custom WROOM32 Board Library.SchLib
Replace Part R? Res3 in C:\Users\Piokli\Desktop\Altium git WROOM32\altium-wroom32-custom\Schematic.SchDoc with Res3 from Miscellaneous Devices.IntLib
Replace Part R? Res3 in C:\Users\Piokli\Desktop\Altium git WROOM32\altium-wroom32-custom\Schematic.SchDoc with Res3 from Miscellaneous Devices.IntLib
Replace Part R? Res3 in C:\Users\Piokli\Desktop\Altium git WROOM32\altium-wroom32-custom\Schematic.SchDoc with Res3 from Miscellaneous Devices.IntLib
Replace Part R? Res3 in C:\Users\Piokli\Desktop\Altium git WROOM32\altium-wroom32-custom\Schematic.SchDoc with Res3 from Miscellaneous Devices.IntLib
Replace Part R? Res3 in C:\Users\Piokli\Desktop\Altium git WROOM32\altium-wroom32-custom\Schematic.SchDoc with Res3 from Miscellaneous Devices.IntLib
Replace Part R? Res3 in C:\Users\Piokli\Desktop\Altium git WROOM32\altium-wroom32-custom\Schematic.SchDoc with Res3 from Miscellaneous Devices.IntLib
Replace Part R? Res3 in C:\Users\Piokli\Desktop\Altium git WROOM32\altium-wroom32-custom\Schematic.SchDoc with Res3 from Miscellaneous Devices.IntLib
Replace Part R? Res3 in C:\Users\Piokli\Desktop\Altium git WROOM32\altium-wroom32-custom\Schematic.SchDoc with Res3 from Miscellaneous Devices.IntLib
Replace Part R? Res3 in C:\Users\Piokli\Desktop\Altium git WROOM32\altium-wroom32-custom\Schematic.SchDoc with Res3 from Miscellaneous Devices.IntLib
Replace Part R? Res3 in C:\Users\Piokli\Desktop\Altium git WROOM32\altium-wroom32-custom\Schematic.SchDoc with Res3 from Miscellaneous Devices.IntLib
Replace Part SW? KMR2_Microminiature_SMT_Switch in C:\Users\Piokli\Desktop\Altium git WROOM32\altium-wroom32-custom\Schematic.SchDoc with KMR2_Microminiature_SMT_Switch from Custom WROOM32 Board Library.SchLib
Replace Part U? CP2104 in C:\Users\Piokli\Desktop\Altium git WROOM32\altium-wroom32-custom\Schematic.SchDoc with CP2104 from Custom WROOM32 Board Library.SchLib
Replace Part U? AP2112-3.3 in C:\Users\Piokli\Desktop\Altium git WROOM32\altium-wroom32-custom\Schematic.SchDoc with AP2112-3.3 from Custom WROOM32 Board Library.SchLib
Replace Part U? MCP7381/2 in C:\Users\Piokli\Desktop\Altium git WROOM32\altium-wroom32-custom\Schematic.SchDoc with MCP7381/2 from Custom WROOM32 Board Library.SchLib
Replace Part U? ESP32-WROOM-32 in C:\Users\Piokli\Desktop\Altium git WROOM32\altium-wroom32-custom\Schematic.SchDoc with ESP32-WROOM-32 from Custom WROOM32 Board Library.SchLib
Replace Part X? JST-2PIN_Connector in C:\Users\Piokli\Desktop\Altium git WROOM32\altium-wroom32-custom\Schematic.SchDoc with JST-2PIN_Connector from Custom WROOM32 Board Library.SchLib
Replace Part X? MicroB_20329_Connector in C:\Users\Piokli\Desktop\Altium git WROOM32\altium-wroom32-custom\Schematic.SchDoc with MicroB_20329_Connector from Custom WROOM32 Board Library.SchLib
